Command: pwsh -NoProfile -ExecutionPolicy Bypass -File "D:\Automotive and Diesel LMS\scripts\add-file-via-gitdata.ps1" -DryRun 
Fetching base branch main ref...
DRYRUN: GET https://api.github.com/repos/73junito/autolearnpro/git/ref/heads/main
Base branch sha: dryrun-base-sha (dryrun)
Creating new branch add/dockerfile-20251215154440...
DRYRUN: POST https://api.github.com/repos/73junito/autolearnpro/git/refs (body length: 86)
DRYRUN: Created branch add/dockerfile-20251215154440
Reading local file backend/lms_api/Dockerfile...
Creating blob for new content...
DRYRUN: POST https://api.github.com/repos/73junito/autolearnpro/git/blobs (body length: 2721)
DRYRUN: Created blob: dryrun-f96c223d-1a2b-4550-9173-96152b3766d5
Fetching base commit and tree...
DRYRUN: GET https://api.github.com/repos/73junito/autolearnpro/git/commits/dryrun-base-sha
Base tree: dryrun-tree-sha (dryrun)
Creating new tree with updated file path backend/lms_api/Dockerfile...
DRYRUN: POST https://api.github.com/repos/73junito/autolearnpro/git/trees (body length: 224)
DRYRUN: Created tree: dryrun-tree-d37081e8-0319-477e-a4b0-f288b6064d86
Creating commit...
DRYRUN: POST https://api.github.com/repos/73junito/autolearnpro/git/commits (message length: 184)
DRYRUN: Created commit: dryrun-commit-b6b56c78-6a34-46f8-9fea-a656001cf46b
Updating branch ref to new commit...
DRYRUN: PATCH https://api.github.com/repos/73junito/autolearnpro/git/refs/heads/add/dockerfile-20251215154440 (sha: dryrun-commit-b6b56c78-6a34-46f8-9fea-a656001cf46b)
DRYRUN: Branch add/dockerfile-20251215154440 updated to commit dryrun-commit-b6b56c78-6a34-46f8-9fea-a656001cf46b
Creating pull request from add/dockerfile-20251215154440 into main...
DRYRUN: POST https://api.github.com/repos/73junito/autolearnpro/pulls (title: chore: add Dockerfile for CI build)
DRYRUN: PR created: https://github.com/73junito/autolearnpro/pull/dryrun
Exit: Success
Command: pwsh -NoProfile -ExecutionPolicy Bypass -File "D:\Automotive and Diesel LMS\scripts\add-lib-to-branch.ps1" -DryRun 
Scanning local files under backend/lms_api/lib...
Reading D:/Automotive and Diesel LMS/backend/lms_api/lib/lms_api_web.ex...
Creating blob for D:/Automotive and Diesel LMS/backend/lms_api/lib/lms_api_web.ex...
DRYRUN: POST https://api.github.com/repos/73junito/autolearnpro/git/blobs (body length: 1945)
DRYRUN: Blob created for D:/Automotive and Diesel LMS/backend/lms_api/lib/lms_api_web.ex: dryrun-998c5bd7-234f-48db-a9b1-0ebaa9f5ea25
Reading D:/Automotive and Diesel LMS/backend/lms_api/lib/lms_api_web/auth/error_handler.ex...
Creating blob for D:/Automotive and Diesel LMS/backend/lms_api/lib/lms_api_web/auth/error_handler.ex...
DRYRUN: POST https://api.github.com/repos/73junito/autolearnpro/git/blobs (body length: 427)
DRYRUN: Blob created for D:/Automotive and Diesel LMS/backend/lms_api/lib/lms_api_web/auth/error_handler.ex: dryrun-fb783bad-3a97-4cd6-858f-34454f618db6
Reading D:/Automotive and Diesel LMS/backend/lms_api/lib/lms_api_web/auth/pipeline.ex...
Creating blob for D:/Automotive and Diesel LMS/backend/lms_api/lib/lms_api_web/auth/pipeline.ex...
DRYRUN: POST https://api.github.com/repos/73junito/autolearnpro/git/blobs (body length: 396)
DRYRUN: Blob created for D:/Automotive and Diesel LMS/backend/lms_api/lib/lms_api_web/auth/pipeline.ex: dryrun-a60e20e5-13a0-4dc7-953f-0aba32fb48f8
Reading D:/Automotive and Diesel LMS/backend/lms_api/lib/lms_api_web/cache_plug.ex...
Creating blob for D:/Automotive and Diesel LMS/backend/lms_api/lib/lms_api_web/cache_plug.ex...
DRYRUN: POST https://api.github.com/repos/73junito/autolearnpro/git/blobs (body length: 2313)
DRYRUN: Blob created for D:/Automotive and Diesel LMS/backend/lms_api/lib/lms_api_web/cache_plug.ex: dryrun-a8f4cd39-c69b-4e18-be75-ea7571ffc0fc
Reading D:/Automotive and Diesel LMS/backend/lms_api/lib/lms_api_web/components/layouts.ex...
Creating blob for D:/Automotive and Diesel LMS/backend/lms_api/lib/lms_api_web/components/layouts.ex...
DRYRUN: POST https://api.github.com/repos/73junito/autolearnpro/git/blobs (body length: 148)
DRYRUN: Blob created for D:/Automotive and Diesel LMS/backend/lms_api/lib/lms_api_web/components/layouts.ex: dryrun-05817102-0945-4d07-9f2f-0f8d48de5dfc
Reading D:/Automotive and Diesel LMS/backend/lms_api/lib/lms_api_web/components/layouts/root.html.heex...
Creating blob for D:/Automotive and Diesel LMS/backend/lms_api/lib/lms_api_web/components/layouts/root.html.heex...
DRYRUN: POST https://api.github.com/repos/73junito/autolearnpro/git/blobs (body length: 449)
DRYRUN: Blob created for D:/Automotive and Diesel LMS/backend/lms_api/lib/lms_api_web/components/layouts/root.html.heex: dryrun-5718a240-0ffb-41f0-995e-8978e599328e
Reading D:/Automotive and Diesel LMS/backend/lms_api/lib/lms_api_web/controllers/ai_controller.ex...
Creating blob for D:/Automotive and Diesel LMS/backend/lms_api/lib/lms_api_web/controllers/ai_controller.ex...
DRYRUN: POST https://api.github.com/repos/73junito/autolearnpro/git/blobs (body length: 4502)
DRYRUN: Blob created for D:/Automotive and Diesel LMS/backend/lms_api/lib/lms_api_web/controllers/ai_controller.ex: dryrun-19ea17fa-9b34-441f-804b-5b8cc5e2ddd3
Reading D:/Automotive and Diesel LMS/backend/lms_api/lib/lms_api_web/controllers/assessment_controller.ex...
Creating blob for D:/Automotive and Diesel LMS/backend/lms_api/lib/lms_api_web/controllers/assessment_controller.ex...
DRYRUN: POST https://api.github.com/repos/73junito/autolearnpro/git/blobs (body length: 5437)
DRYRUN: Blob created for D:/Automotive and Diesel LMS/backend/lms_api/lib/lms_api_web/controllers/assessment_controller.ex: dryrun-44673fc9-b31b-4b1a-8f09-62469ed2ea65
Reading D:/Automotive and Diesel LMS/backend/lms_api/lib/lms_api_web/controllers/auth_controller.ex...
Creating blob for D:/Automotive and Diesel LMS/backend/lms_api/lib/lms_api_web/controllers/auth_controller.ex...
DRYRUN: POST https://api.github.com/repos/73junito/autolearnpro/git/blobs (body length: 916)
DRYRUN: Blob created for D:/Automotive and Diesel LMS/backend/lms_api/lib/lms_api_web/controllers/auth_controller.ex: dryrun-627e38f7-f2f2-4b81-a8c3-456998d42dfe
Reading D:/Automotive and Diesel LMS/backend/lms_api/lib/lms_api_web/controllers/changeset_json.ex...
Creating blob for D:/Automotive and Diesel LMS/backend/lms_api/lib/lms_api_web/controllers/changeset_json.ex...
DRYRUN: POST https://api.github.com/repos/73junito/autolearnpro/git/blobs (body length: 938)
DRYRUN: Blob created for D:/Automotive and Diesel LMS/backend/lms_api/lib/lms_api_web/controllers/changeset_json.ex: dryrun-f20f4b67-6a66-41e8-921c-6c96fb1a41ca
Reading D:/Automotive and Diesel LMS/backend/lms_api/lib/lms_api_web/controllers/content_controller.ex...
Creating blob for D:/Automotive and Diesel LMS/backend/lms_api/lib/lms_api_web/controllers/content_controller.ex...
DRYRUN: POST https://api.github.com/repos/73junito/autolearnpro/git/blobs (body length: 6767)
DRYRUN: Blob created for D:/Automotive and Diesel LMS/backend/lms_api/lib/lms_api_web/controllers/content_controller.ex: dryrun-9f3728b0-c978-4cf9-84f9-7daeb2c3c2ff
Reading D:/Automotive and Diesel LMS/backend/lms_api/lib/lms_api_web/controllers/content_generation_controller.ex...
Creating blob for D:/Automotive and Diesel LMS/backend/lms_api/lib/lms_api_web/controllers/content_generation_controller.ex...
DRYRUN: POST https://api.github.com/repos/73junito/autolearnpro/git/blobs (body length: 14795)
DRYRUN: Blob created for D:/Automotive and Diesel LMS/backend/lms_api/lib/lms_api_web/controllers/content_generation_controller.ex: dryrun-8a7c8d15-8dd0-45aa-a6d6-56ada6ca8773
Reading D:/Automotive and Diesel LMS/backend/lms_api/lib/lms_api_web/controllers/course_controller.ex...
Creating blob for D:/Automotive and Diesel LMS/backend/lms_api/lib/lms_api_web/controllers/course_controller.ex...
DRYRUN: POST https://api.github.com/repos/73junito/autolearnpro/git/blobs (body length: 1353)
DRYRUN: Blob created for D:/Automotive and Diesel LMS/backend/lms_api/lib/lms_api_web/controllers/course_controller.ex: dryrun-8c71b4b7-42ea-4224-8844-9535a309af46
Reading D:/Automotive and Diesel LMS/backend/lms_api/lib/lms_api_web/controllers/enrollment_controller.ex...
Creating blob for D:/Automotive and Diesel LMS/backend/lms_api/lib/lms_api_web/controllers/enrollment_controller.ex...
DRYRUN: POST https://api.github.com/repos/73junito/autolearnpro/git/blobs (body length: 3360)
DRYRUN: Blob created for D:/Automotive and Diesel LMS/backend/lms_api/lib/lms_api_web/controllers/enrollment_controller.ex: dryrun-2b63243c-430b-452c-b4d9-35376a5181c5
Reading D:/Automotive and Diesel LMS/backend/lms_api/lib/lms_api_web/controllers/enrollment_json.ex...
Creating blob for D:/Automotive and Diesel LMS/backend/lms_api/lib/lms_api_web/controllers/enrollment_json.ex...
DRYRUN: POST https://api.github.com/repos/73junito/autolearnpro/git/blobs (body length: 586)
DRYRUN: Blob created for D:/Automotive and Diesel LMS/backend/lms_api/lib/lms_api_web/controllers/enrollment_json.ex: dryrun-c831bd24-72ef-477a-9be5-d1d5ffd94619
Reading D:/Automotive and Diesel LMS/backend/lms_api/lib/lms_api_web/controllers/fallback_controller.ex...
Creating blob for D:/Automotive and Diesel LMS/backend/lms_api/lib/lms_api_web/controllers/fallback_controller.ex...
DRYRUN: POST https://api.github.com/repos/73junito/autolearnpro/git/blobs (body length: 1102)
DRYRUN: Blob created for D:/Automotive and Diesel LMS/backend/lms_api/lib/lms_api_web/controllers/fallback_controller.ex: dryrun-9fe33a62-dfaf-48d9-9f59-784c1490608b
Reading D:/Automotive and Diesel LMS/backend/lms_api/lib/lms_api_web/controllers/gamification_controller.ex...
Creating blob for D:/Automotive and Diesel LMS/backend/lms_api/lib/lms_api_web/controllers/gamification_controller.ex...
DRYRUN: POST https://api.github.com/repos/73junito/autolearnpro/git/blobs (body length: 2260)
DRYRUN: Blob created for D:/Automotive and Diesel LMS/backend/lms_api/lib/lms_api_web/controllers/gamification_controller.ex: dryrun-b218830c-9fa0-4878-89f7-71554c9abe85
Reading D:/Automotive and Diesel LMS/backend/lms_api/lib/lms_api_web/controllers/health_controller.ex...
Creating blob for D:/Automotive and Diesel LMS/backend/lms_api/lib/lms_api_web/controllers/health_controller.ex...
DRYRUN: POST https://api.github.com/repos/73junito/autolearnpro/git/blobs (body length: 789)
DRYRUN: Blob created for D:/Automotive and Diesel LMS/backend/lms_api/lib/lms_api_web/controllers/health_controller.ex: dryrun-2fb3b90c-f10c-48dd-9dc2-e86086a7db72
Reading D:/Automotive and Diesel LMS/backend/lms_api/lib/lms_api_web/controllers/instructor_dashboard_controller.ex...
Creating blob for D:/Automotive and Diesel LMS/backend/lms_api/lib/lms_api_web/controllers/instructor_dashboard_controller.ex...
DRYRUN: POST https://api.github.com/repos/73junito/autolearnpro/git/blobs (body length: 3677)
DRYRUN: Blob created for D:/Automotive and Diesel LMS/backend/lms_api/lib/lms_api_web/controllers/instructor_dashboard_controller.ex: dryrun-5b386e93-8783-4ba0-b236-9766e4687db6
Reading D:/Automotive and Diesel LMS/backend/lms_api/lib/lms_api_web/controllers/live_sessions_controller.ex...
Creating blob for D:/Automotive and Diesel LMS/backend/lms_api/lib/lms_api_web/controllers/live_sessions_controller.ex...
DRYRUN: POST https://api.github.com/repos/73junito/autolearnpro/git/blobs (body length: 7142)
DRYRUN: Blob created for D:/Automotive and Diesel LMS/backend/lms_api/lib/lms_api_web/controllers/live_sessions_controller.ex: dryrun-7867aff4-c109-4688-ae90-2b3c4a1902fe
Reading D:/Automotive and Diesel LMS/backend/lms_api/lib/lms_api_web/controllers/media_controller.ex...
Creating blob for D:/Automotive and Diesel LMS/backend/lms_api/lib/lms_api_web/controllers/media_controller.ex...
DRYRUN: POST https://api.github.com/repos/73junito/autolearnpro/git/blobs (body length: 4382)
DRYRUN: Blob created for D:/Automotive and Diesel LMS/backend/lms_api/lib/lms_api_web/controllers/media_controller.ex: dryrun-a53c3ab2-8178-4eb5-b00f-4c407d8f8bbc
Reading D:/Automotive and Diesel LMS/backend/lms_api/lib/lms_api_web/controllers/page_controller.ex...
Creating blob for D:/Automotive and Diesel LMS/backend/lms_api/lib/lms_api_web/controllers/page_controller.ex...
DRYRUN: POST https://api.github.com/repos/73junito/autolearnpro/git/blobs (body length: 447)
DRYRUN: Blob created for D:/Automotive and Diesel LMS/backend/lms_api/lib/lms_api_web/controllers/page_controller.ex: dryrun-ffd2f74b-503b-4a63-beeb-d19e9e1eaa67
Reading D:/Automotive and Diesel LMS/backend/lms_api/lib/lms_api_web/controllers/permissions_controller.ex...
Creating blob for D:/Automotive and Diesel LMS/backend/lms_api/lib/lms_api_web/controllers/permissions_controller.ex...
DRYRUN: POST https://api.github.com/repos/73junito/autolearnpro/git/blobs (body length: 6170)
DRYRUN: Blob created for D:/Automotive and Diesel LMS/backend/lms_api/lib/lms_api_web/controllers/permissions_controller.ex: dryrun-d790283a-27d7-4908-a48b-1a4e4a649a81
Reading D:/Automotive and Diesel LMS/backend/lms_api/lib/lms_api_web/controllers/progress_controller.ex...
Creating blob for D:/Automotive and Diesel LMS/backend/lms_api/lib/lms_api_web/controllers/progress_controller.ex...
DRYRUN: POST https://api.github.com/repos/73junito/autolearnpro/git/blobs (body length: 4069)
DRYRUN: Blob created for D:/Automotive and Diesel LMS/backend/lms_api/lib/lms_api_web/controllers/progress_controller.ex: dryrun-7510a279-adf5-4978-befe-31e5c1696a82
Reading D:/Automotive and Diesel LMS/backend/lms_api/lib/lms_api_web/controllers/user_controller.ex...
Creating blob for D:/Automotive and Diesel LMS/backend/lms_api/lib/lms_api_web/controllers/user_controller.ex...
DRYRUN: POST https://api.github.com/repos/73junito/autolearnpro/git/blobs (body length: 1265)
DRYRUN: Blob created for D:/Automotive and Diesel LMS/backend/lms_api/lib/lms_api_web/controllers/user_controller.ex: dryrun-c90acb5b-ebb9-4085-8eb8-deb45a306ae0
Reading D:/Automotive and Diesel LMS/backend/lms_api/lib/lms_api_web/controllers/user_json.ex...
Creating blob for D:/Automotive and Diesel LMS/backend/lms_api/lib/lms_api_web/controllers/user_json.ex...
DRYRUN: POST https://api.github.com/repos/73junito/autolearnpro/git/blobs (body length: 613)
DRYRUN: Blob created for D:/Automotive and Diesel LMS/backend/lms_api/lib/lms_api_web/controllers/user_json.ex: dryrun-13231d5f-3be9-4478-a98f-6e0c0b02964b
Reading D:/Automotive and Diesel LMS/backend/lms_api/lib/lms_api_web/endpoint.ex...
Creating blob for D:/Automotive and Diesel LMS/backend/lms_api/lib/lms_api_web/endpoint.ex...
DRYRUN: POST https://api.github.com/repos/73junito/autolearnpro/git/blobs (body length: 1030)
DRYRUN: Blob created for D:/Automotive and Diesel LMS/backend/lms_api/lib/lms_api_web/endpoint.ex: dryrun-85a50f34-a5b6-4679-bf0c-5c011a156d74
Reading D:/Automotive and Diesel LMS/backend/lms_api/lib/lms_api_web/error_helpers.ex...
Creating blob for D:/Automotive and Diesel LMS/backend/lms_api/lib/lms_api_web/error_helpers.ex...
DRYRUN: POST https://api.github.com/repos/73junito/autolearnpro/git/blobs (body length: 1117)
DRYRUN: Blob created for D:/Automotive and Diesel LMS/backend/lms_api/lib/lms_api_web/error_helpers.ex: dryrun-31e47bb7-9886-4c4f-96ea-aee5109e6520
Reading D:/Automotive and Diesel LMS/backend/lms_api/lib/lms_api_web/gettext.ex...
[33;1mWARNING: D:/Automotive and Diesel LMS/backend/lms_api/lib/lms_api_web/gettext.ex is empty - substituting newline to satisfy Git blob API[0m
Creating blob for D:/Automotive and Diesel LMS/backend/lms_api/lib/lms_api_web/gettext.ex...
DRYRUN: POST https://api.github.com/repos/73junito/autolearnpro/git/blobs (body length: 47)
DRYRUN: Blob created for D:/Automotive and Diesel LMS/backend/lms_api/lib/lms_api_web/gettext.ex: dryrun-6333d93e-7a5e-4e02-86bd-ffe7bd7c79c0
Reading D:/Automotive and Diesel LMS/backend/lms_api/lib/lms_api_web/performance_middleware.ex...
Creating blob for D:/Automotive and Diesel LMS/backend/lms_api/lib/lms_api_web/performance_middleware.ex...
DRYRUN: POST https://api.github.com/repos/73junito/autolearnpro/git/blobs (body length: 1685)
DRYRUN: Blob created for D:/Automotive and Diesel LMS/backend/lms_api/lib/lms_api_web/performance_middleware.ex: dryrun-92038f27-66c5-4bc5-9c37-2b5b39131961
Reading D:/Automotive and Diesel LMS/backend/lms_api/lib/lms_api_web/rate_limit_plug.ex...
Creating blob for D:/Automotive and Diesel LMS/backend/lms_api/lib/lms_api_web/rate_limit_plug.ex...
DRYRUN: POST https://api.github.com/repos/73junito/autolearnpro/git/blobs (body length: 2206)
DRYRUN: Blob created for D:/Automotive and Diesel LMS/backend/lms_api/lib/lms_api_web/rate_limit_plug.ex: dryrun-46cf3816-af4a-40b3-aec9-278dfd0736d1
Reading D:/Automotive and Diesel LMS/backend/lms_api/lib/lms_api_web/router.ex...
Creating blob for D:/Automotive and Diesel LMS/backend/lms_api/lib/lms_api_web/router.ex...
DRYRUN: POST https://api.github.com/repos/73junito/autolearnpro/git/blobs (body length: 7471)
DRYRUN: Blob created for D:/Automotive and Diesel LMS/backend/lms_api/lib/lms_api_web/router.ex: dryrun-7d62f73e-f594-4768-8769-40a4a12a705a
Reading D:/Automotive and Diesel LMS/backend/lms_api/lib/lms_api_web/telemetry.ex...
[33;1mWARNING: D:/Automotive and Diesel LMS/backend/lms_api/lib/lms_api_web/telemetry.ex is empty - substituting newline to satisfy Git blob API[0m
Creating blob for D:/Automotive and Diesel LMS/backend/lms_api/lib/lms_api_web/telemetry.ex...
DRYRUN: POST https://api.github.com/repos/73junito/autolearnpro/git/blobs (body length: 47)
DRYRUN: Blob created for D:/Automotive and Diesel LMS/backend/lms_api/lib/lms_api_web/telemetry.ex: dryrun-eff200c9-e94c-435b-99b6-fbf3ecc2dc70
Reading D:/Automotive and Diesel LMS/backend/lms_api/lib/lms_api_web/templates/page_html/index.html.heex...
Creating blob for D:/Automotive and Diesel LMS/backend/lms_api/lib/lms_api_web/templates/page_html/index.html.heex...
DRYRUN: POST https://api.github.com/repos/73junito/autolearnpro/git/blobs (body length: 2607)
DRYRUN: Blob created for D:/Automotive and Diesel LMS/backend/lms_api/lib/lms_api_web/templates/page_html/index.html.heex: dryrun-a7bbab96-4604-4931-b1f8-bd6bda30d623
Reading D:/Automotive and Diesel LMS/backend/lms_api/lib/lms_api_web/views/assessment_view.ex...
Creating blob for D:/Automotive and Diesel LMS/backend/lms_api/lib/lms_api_web/views/assessment_view.ex...
DRYRUN: POST https://api.github.com/repos/73junito/autolearnpro/git/blobs (body length: 2991)
DRYRUN: Blob created for D:/Automotive and Diesel LMS/backend/lms_api/lib/lms_api_web/views/assessment_view.ex: dryrun-d202aa80-a5b1-434a-bf82-6491c7075dee
Reading D:/Automotive and Diesel LMS/backend/lms_api/lib/lms_api_web/views/auth_view.ex...
Creating blob for D:/Automotive and Diesel LMS/backend/lms_api/lib/lms_api_web/views/auth_view.ex...
DRYRUN: POST https://api.github.com/repos/73junito/autolearnpro/git/blobs (body length: 433)
DRYRUN: Blob created for D:/Automotive and Diesel LMS/backend/lms_api/lib/lms_api_web/views/auth_view.ex: dryrun-f22f07e0-3e86-49d0-99d1-0ec6ef3d3b35
Reading D:/Automotive and Diesel LMS/backend/lms_api/lib/lms_api_web/views/changeset_view.ex...
Creating blob for D:/Automotive and Diesel LMS/backend/lms_api/lib/lms_api_web/views/changeset_view.ex...
DRYRUN: POST https://api.github.com/repos/73junito/autolearnpro/git/blobs (body length: 571)
DRYRUN: Blob created for D:/Automotive and Diesel LMS/backend/lms_api/lib/lms_api_web/views/changeset_view.ex: dryrun-516a91ac-844e-49ec-9aff-36691f77eee2
Reading D:/Automotive and Diesel LMS/backend/lms_api/lib/lms_api_web/views/content_generation_view.ex...
Creating blob for D:/Automotive and Diesel LMS/backend/lms_api/lib/lms_api_web/views/content_generation_view.ex...
DRYRUN: POST https://api.github.com/repos/73junito/autolearnpro/git/blobs (body length: 5637)
DRYRUN: Blob created for D:/Automotive and Diesel LMS/backend/lms_api/lib/lms_api_web/views/content_generation_view.ex: dryrun-e89c1d61-b85b-4bc0-acea-35ca39764099
Reading D:/Automotive and Diesel LMS/backend/lms_api/lib/lms_api_web/views/content_view.ex...
Creating blob for D:/Automotive and Diesel LMS/backend/lms_api/lib/lms_api_web/views/content_view.ex...
DRYRUN: POST https://api.github.com/repos/73junito/autolearnpro/git/blobs (body length: 1593)
DRYRUN: Blob created for D:/Automotive and Diesel LMS/backend/lms_api/lib/lms_api_web/views/content_view.ex: dryrun-a2106470-438f-466a-8beb-bee91ae6470e
Reading D:/Automotive and Diesel LMS/backend/lms_api/lib/lms_api_web/views/course_view.ex...
Creating blob for D:/Automotive and Diesel LMS/backend/lms_api/lib/lms_api_web/views/course_view.ex...
DRYRUN: POST https://api.github.com/repos/73junito/autolearnpro/git/blobs (body length: 2292)
DRYRUN: Blob created for D:/Automotive and Diesel LMS/backend/lms_api/lib/lms_api_web/views/course_view.ex: dryrun-94d6ed03-0f7b-4175-b422-c9688c65b0c4
Reading D:/Automotive and Diesel LMS/backend/lms_api/lib/lms_api_web/views/error_view.ex...
Creating blob for D:/Automotive and Diesel LMS/backend/lms_api/lib/lms_api_web/views/error_view.ex...
DRYRUN: POST https://api.github.com/repos/73junito/autolearnpro/git/blobs (body length: 1244)
DRYRUN: Blob created for D:/Automotive and Diesel LMS/backend/lms_api/lib/lms_api_web/views/error_view.ex: dryrun-adc41600-014f-4c6d-b6c8-58076b12aad5
Reading D:/Automotive and Diesel LMS/backend/lms_api/lib/lms_api_web/views/gamification_view.ex...
Creating blob for D:/Automotive and Diesel LMS/backend/lms_api/lib/lms_api_web/views/gamification_view.ex...
DRYRUN: POST https://api.github.com/repos/73junito/autolearnpro/git/blobs (body length: 935)
DRYRUN: Blob created for D:/Automotive and Diesel LMS/backend/lms_api/lib/lms_api_web/views/gamification_view.ex: dryrun-b2d59a2e-711e-4b50-a906-a1186c3ed4ab
Reading D:/Automotive and Diesel LMS/backend/lms_api/lib/lms_api_web/views/instructor_dashboard_view.ex...
Creating blob for D:/Automotive and Diesel LMS/backend/lms_api/lib/lms_api_web/views/instructor_dashboard_view.ex...
DRYRUN: POST https://api.github.com/repos/73junito/autolearnpro/git/blobs (body length: 1524)
DRYRUN: Blob created for D:/Automotive and Diesel LMS/backend/lms_api/lib/lms_api_web/views/instructor_dashboard_view.ex: dryrun-7516be1c-6975-4157-a3c2-346c5e93ab4d
Reading D:/Automotive and Diesel LMS/backend/lms_api/lib/lms_api_web/views/live_sessions_view.ex...
Creating blob for D:/Automotive and Diesel LMS/backend/lms_api/lib/lms_api_web/views/live_sessions_view.ex...
DRYRUN: POST https://api.github.com/repos/73junito/autolearnpro/git/blobs (body length: 2778)
DRYRUN: Blob created for D:/Automotive and Diesel LMS/backend/lms_api/lib/lms_api_web/views/live_sessions_view.ex: dryrun-e1da396f-0fa2-45ef-bf8a-5a8c09c82a7c
Reading D:/Automotive and Diesel LMS/backend/lms_api/lib/lms_api_web/views/media_view.ex...
Creating blob for D:/Automotive and Diesel LMS/backend/lms_api/lib/lms_api_web/views/media_view.ex...
DRYRUN: POST https://api.github.com/repos/73junito/autolearnpro/git/blobs (body length: 926)
DRYRUN: Blob created for D:/Automotive and Diesel LMS/backend/lms_api/lib/lms_api_web/views/media_view.ex: dryrun-9c1431a5-2744-45c5-a35e-ea14e320ee73
Reading D:/Automotive and Diesel LMS/backend/lms_api/lib/lms_api_web/views/page_html.ex...
Creating blob for D:/Automotive and Diesel LMS/backend/lms_api/lib/lms_api_web/views/page_html.ex...
DRYRUN: POST https://api.github.com/repos/73junito/autolearnpro/git/blobs (body length: 151)
DRYRUN: Blob created for D:/Automotive and Diesel LMS/backend/lms_api/lib/lms_api_web/views/page_html.ex: dryrun-1a46cc89-2778-4380-a260-613b7c573592
Reading D:/Automotive and Diesel LMS/backend/lms_api/lib/lms_api_web/views/permissions_view.ex...
Creating blob for D:/Automotive and Diesel LMS/backend/lms_api/lib/lms_api_web/views/permissions_view.ex...
DRYRUN: POST https://api.github.com/repos/73junito/autolearnpro/git/blobs (body length: 1597)
DRYRUN: Blob created for D:/Automotive and Diesel LMS/backend/lms_api/lib/lms_api_web/views/permissions_view.ex: dryrun-6f4b225b-fa30-422c-a807-6ebb6f53e01c
Reading D:/Automotive and Diesel LMS/backend/lms_api/lib/lms_api_web/views/progress_view.ex...
Creating blob for D:/Automotive and Diesel LMS/backend/lms_api/lib/lms_api_web/views/progress_view.ex...
DRYRUN: POST https://api.github.com/repos/73junito/autolearnpro/git/blobs (body length: 989)
DRYRUN: Blob created for D:/Automotive and Diesel LMS/backend/lms_api/lib/lms_api_web/views/progress_view.ex: dryrun-ba258160-9bb3-4cca-b1d8-69d6e3775b35
Reading D:/Automotive and Diesel LMS/backend/lms_api/lib/lms_api.ex...
Creating blob for D:/Automotive and Diesel LMS/backend/lms_api/lib/lms_api.ex...
DRYRUN: POST https://api.github.com/repos/73junito/autolearnpro/git/blobs (body length: 164)
DRYRUN: Blob created for D:/Automotive and Diesel LMS/backend/lms_api/lib/lms_api.ex: dryrun-d5bf9f03-b5f8-4fee-bceb-1170b86607f1
Reading D:/Automotive and Diesel LMS/backend/lms_api/lib/lms_api/accounts.ex...
Creating blob for D:/Automotive and Diesel LMS/backend/lms_api/lib/lms_api/accounts.ex...
DRYRUN: POST https://api.github.com/repos/73junito/autolearnpro/git/blobs (body length: 4282)
DRYRUN: Blob created for D:/Automotive and Diesel LMS/backend/lms_api/lib/lms_api/accounts.ex: dryrun-f44ff5bb-8fae-4107-8471-5782d169f915
Reading D:/Automotive and Diesel LMS/backend/lms_api/lib/lms_api/accounts/user.ex...
Creating blob for D:/Automotive and Diesel LMS/backend/lms_api/lib/lms_api/accounts/user.ex...
DRYRUN: POST https://api.github.com/repos/73junito/autolearnpro/git/blobs (body length: 1305)
DRYRUN: Blob created for D:/Automotive and Diesel LMS/backend/lms_api/lib/lms_api/accounts/user.ex: dryrun-16dfb5a9-45f0-49ce-a49c-d4406aadeac1
Reading D:/Automotive and Diesel LMS/backend/lms_api/lib/lms_api/ai_client.ex...
Creating blob for D:/Automotive and Diesel LMS/backend/lms_api/lib/lms_api/ai_client.ex...
DRYRUN: POST https://api.github.com/repos/73junito/autolearnpro/git/blobs (body length: 1891)
DRYRUN: Blob created for D:/Automotive and Diesel LMS/backend/lms_api/lib/lms_api/ai_client.ex: dryrun-4fadee63-a2cf-4e25-aa77-7a9089b0b3d9
Reading D:/Automotive and Diesel LMS/backend/lms_api/lib/lms_api/ai.ex...
Creating blob for D:/Automotive and Diesel LMS/backend/lms_api/lib/lms_api/ai.ex...
DRYRUN: POST https://api.github.com/repos/73junito/autolearnpro/git/blobs (body length: 11186)
DRYRUN: Blob created for D:/Automotive and Diesel LMS/backend/lms_api/lib/lms_api/ai.ex: dryrun-520cabf4-eef6-4ee7-b762-0728fe6ca97f
Reading D:/Automotive and Diesel LMS/backend/lms_api/lib/lms_api/application.ex...
Creating blob for D:/Automotive and Diesel LMS/backend/lms_api/lib/lms_api/application.ex...
DRYRUN: POST https://api.github.com/repos/73junito/autolearnpro/git/blobs (body length: 990)
DRYRUN: Blob created for D:/Automotive and Diesel LMS/backend/lms_api/lib/lms_api/application.ex: dryrun-6372a2ca-6fe9-4c44-8698-abe08265fd21
Reading D:/Automotive and Diesel LMS/backend/lms_api/lib/lms_api/assessments.ex...
Creating blob for D:/Automotive and Diesel LMS/backend/lms_api/lib/lms_api/assessments.ex...
DRYRUN: POST https://api.github.com/repos/73junito/autolearnpro/git/blobs (body length: 7904)
DRYRUN: Blob created for D:/Automotive and Diesel LMS/backend/lms_api/lib/lms_api/assessments.ex: dryrun-3f66a1e6-df43-42a9-8834-6be99b73ca16
Reading D:/Automotive and Diesel LMS/backend/lms_api/lib/lms_api/assessments/assessment_attempt.ex...
Creating blob for D:/Automotive and Diesel LMS/backend/lms_api/lib/lms_api/assessments/assessment_attempt.ex...
DRYRUN: POST https://api.github.com/repos/73junito/autolearnpro/git/blobs (body length: 1666)
DRYRUN: Blob created for D:/Automotive and Diesel LMS/backend/lms_api/lib/lms_api/assessments/assessment_attempt.ex: dryrun-e1c0d9a1-4d2b-4635-96cf-b27cec0cb9ec
Reading D:/Automotive and Diesel LMS/backend/lms_api/lib/lms_api/assessments/assessment.ex...
Creating blob for D:/Automotive and Diesel LMS/backend/lms_api/lib/lms_api/assessments/assessment.ex...
DRYRUN: POST https://api.github.com/repos/73junito/autolearnpro/git/blobs (body length: 1572)
DRYRUN: Blob created for D:/Automotive and Diesel LMS/backend/lms_api/lib/lms_api/assessments/assessment.ex: dryrun-574fefd0-e0fc-494c-b8f1-62c2b003f49d
Reading D:/Automotive and Diesel LMS/backend/lms_api/lib/lms_api/assessments/question.ex...
Creating blob for D:/Automotive and Diesel LMS/backend/lms_api/lib/lms_api/assessments/question.ex...
DRYRUN: POST https://api.github.com/repos/73junito/autolearnpro/git/blobs (body length: 1292)
DRYRUN: Blob created for D:/Automotive and Diesel LMS/backend/lms_api/lib/lms_api/assessments/question.ex: dryrun-78582a7c-a84d-462d-bcfe-b05476330b19
Reading D:/Automotive and Diesel LMS/backend/lms_api/lib/lms_api/background_jobs.ex...
Creating blob for D:/Automotive and Diesel LMS/backend/lms_api/lib/lms_api/background_jobs.ex...
DRYRUN: POST https://api.github.com/repos/73junito/autolearnpro/git/blobs (body length: 11175)
DRYRUN: Blob created for D:/Automotive and Diesel LMS/backend/lms_api/lib/lms_api/background_jobs.ex: dryrun-a6a4e228-a0b6-4fea-9b50-fe0272a20758
Reading D:/Automotive and Diesel LMS/backend/lms_api/lib/lms_api/blender_runner.ex...
Creating blob for D:/Automotive and Diesel LMS/backend/lms_api/lib/lms_api/blender_runner.ex...
DRYRUN: POST https://api.github.com/repos/73junito/autolearnpro/git/blobs (body length: 1128)
DRYRUN: Blob created for D:/Automotive and Diesel LMS/backend/lms_api/lib/lms_api/blender_runner.ex: dryrun-dfe45876-f01f-4373-8b81-b40b2a478b2f
Reading D:/Automotive and Diesel LMS/backend/lms_api/lib/lms_api/cache.ex...
Creating blob for D:/Automotive and Diesel LMS/backend/lms_api/lib/lms_api/cache.ex...
DRYRUN: POST https://api.github.com/repos/73junito/autolearnpro/git/blobs (body length: 8091)
DRYRUN: Blob created for D:/Automotive and Diesel LMS/backend/lms_api/lib/lms_api/cache.ex: dryrun-dfb9ec6a-c939-4910-97f9-73dbba9713d7
Reading D:/Automotive and Diesel LMS/backend/lms_api/lib/lms_api/catalog.ex...
Creating blob for D:/Automotive and Diesel LMS/backend/lms_api/lib/lms_api/catalog.ex...
DRYRUN: POST https://api.github.com/repos/73junito/autolearnpro/git/blobs (body length: 8712)
DRYRUN: Blob created for D:/Automotive and Diesel LMS/backend/lms_api/lib/lms_api/catalog.ex: dryrun-728fc21a-bb82-4997-8ea0-24b24e3797d8
Reading D:/Automotive and Diesel LMS/backend/lms_api/lib/lms_api/catalog/course_module.ex...
Creating blob for D:/Automotive and Diesel LMS/backend/lms_api/lib/lms_api/catalog/course_module.ex...
DRYRUN: POST https://api.github.com/repos/73junito/autolearnpro/git/blobs (body length: 784)
DRYRUN: Blob created for D:/Automotive and Diesel LMS/backend/lms_api/lib/lms_api/catalog/course_module.ex: dryrun-308d04a1-c5ba-49ad-bf41-8a2ab26878cd
Reading D:/Automotive and Diesel LMS/backend/lms_api/lib/lms_api/catalog/course_syllabus.ex...
Creating blob for D:/Automotive and Diesel LMS/backend/lms_api/lib/lms_api/catalog/course_syllabus.ex...
DRYRUN: POST https://api.github.com/repos/73junito/autolearnpro/git/blobs (body length: 809)
DRYRUN: Blob created for D:/Automotive and Diesel LMS/backend/lms_api/lib/lms_api/catalog/course_syllabus.ex: dryrun-0ea442c3-2e0d-4ffb-a5e6-ee1623c3f6b8
Reading D:/Automotive and Diesel LMS/backend/lms_api/lib/lms_api/catalog/course.ex...
Creating blob for D:/Automotive and Diesel LMS/backend/lms_api/lib/lms_api/catalog/course.ex...
DRYRUN: POST https://api.github.com/repos/73junito/autolearnpro/git/blobs (body length: 802)
DRYRUN: Blob created for D:/Automotive and Diesel LMS/backend/lms_api/lib/lms_api/catalog/course.ex: dryrun-d7b02a72-c716-48af-834d-ac6a49b96709
Reading D:/Automotive and Diesel LMS/backend/lms_api/lib/lms_api/catalog/module_lesson.ex...
Creating blob for D:/Automotive and Diesel LMS/backend/lms_api/lib/lms_api/catalog/module_lesson.ex...
DRYRUN: POST https://api.github.com/repos/73junito/autolearnpro/git/blobs (body length: 835)
DRYRUN: Blob created for D:/Automotive and Diesel LMS/backend/lms_api/lib/lms_api/catalog/module_lesson.ex: dryrun-b4d84f94-824c-43de-8623-a7754fcc1e4a
Reading D:/Automotive and Diesel LMS/backend/lms_api/lib/lms_api/cdn.ex...
Creating blob for D:/Automotive and Diesel LMS/backend/lms_api/lib/lms_api/cdn.ex...
DRYRUN: POST https://api.github.com/repos/73junito/autolearnpro/git/blobs (body length: 5804)
DRYRUN: Blob created for D:/Automotive and Diesel LMS/backend/lms_api/lib/lms_api/cdn.ex: dryrun-6d20e082-a56b-47b8-a757-9792af29cccf
Reading D:/Automotive and Diesel LMS/backend/lms_api/lib/lms_api/content_generation.ex...
Creating blob for D:/Automotive and Diesel LMS/backend/lms_api/lib/lms_api/content_generation.ex...
DRYRUN: POST https://api.github.com/repos/73junito/autolearnpro/git/blobs (body length: 5673)
DRYRUN: Blob created for D:/Automotive and Diesel LMS/backend/lms_api/lib/lms_api/content_generation.ex: dryrun-4393d10c-63c6-418a-9d5e-824530265640
Reading D:/Automotive and Diesel LMS/backend/lms_api/lib/lms_api/content_generation/analytics.ex...
Creating blob for D:/Automotive and Diesel LMS/backend/lms_api/lib/lms_api/content_generation/analytics.ex...
DRYRUN: POST https://api.github.com/repos/73junito/autolearnpro/git/blobs (body length: 11189)
DRYRUN: Blob created for D:/Automotive and Diesel LMS/backend/lms_api/lib/lms_api/content_generation/analytics.ex: dryrun-8a3c93bd-a635-4434-b16e-1bd97a8bf2f2
Reading D:/Automotive and Diesel LMS/backend/lms_api/lib/lms_api/content_generation/content_draft.ex...
Creating blob for D:/Automotive and Diesel LMS/backend/lms_api/lib/lms_api/content_generation/content_draft.ex...
DRYRUN: POST https://api.github.com/repos/73junito/autolearnpro/git/blobs (body length: 12696)
DRYRUN: Blob created for D:/Automotive and Diesel LMS/backend/lms_api/lib/lms_api/content_generation/content_draft.ex: dryrun-c54fecd6-9ee9-4a25-b2c5-5721c8830173
Reading D:/Automotive and Diesel LMS/backend/lms_api/lib/lms_api/content_generation/content_plan.ex...
Creating blob for D:/Automotive and Diesel LMS/backend/lms_api/lib/lms_api/content_generation/content_plan.ex...
DRYRUN: POST https://api.github.com/repos/73junito/autolearnpro/git/blobs (body length: 9859)
DRYRUN: Blob created for D:/Automotive and Diesel LMS/backend/lms_api/lib/lms_api/content_generation/content_plan.ex: dryrun-47aee70c-8b5c-4602-9f12-5b95a24ddd68
Reading D:/Automotive and Diesel LMS/backend/lms_api/lib/lms_api/content_generation/publishing_pipeline.ex...
Creating blob for D:/Automotive and Diesel LMS/backend/lms_api/lib/lms_api/content_generation/publishing_pipeline.ex...
DRYRUN: POST https://api.github.com/repos/73junito/autolearnpro/git/blobs (body length: 11617)
DRYRUN: Blob created for D:/Automotive and Diesel LMS/backend/lms_api/lib/lms_api/content_generation/publishing_pipeline.ex: dryrun-2a76e555-79e2-486a-9d25-cf34de247e16
Reading D:/Automotive and Diesel LMS/backend/lms_api/lib/lms_api/content_generation/review_assignment.ex...
Creating blob for D:/Automotive and Diesel LMS/backend/lms_api/lib/lms_api/content_generation/review_assignment.ex...
DRYRUN: POST https://api.github.com/repos/73junito/autolearnpro/git/blobs (body length: 1602)
DRYRUN: Blob created for D:/Automotive and Diesel LMS/backend/lms_api/lib/lms_api/content_generation/review_assignment.ex: dryrun-205ff659-f4c1-4cb0-9416-79153c73c302
Reading D:/Automotive and Diesel LMS/backend/lms_api/lib/lms_api/content_generation/review_comment.ex...
Creating blob for D:/Automotive and Diesel LMS/backend/lms_api/lib/lms_api/content_generation/review_comment.ex...
DRYRUN: POST https://api.github.com/repos/73junito/autolearnpro/git/blobs (body length: 1808)
DRYRUN: Blob created for D:/Automotive and Diesel LMS/backend/lms_api/lib/lms_api/content_generation/review_comment.ex: dryrun-d8d1fef1-2cf7-4bf0-b17a-994839ba36e9
Reading D:/Automotive and Diesel LMS/backend/lms_api/lib/lms_api/content_generation/review_workflow.ex...
Creating blob for D:/Automotive and Diesel LMS/backend/lms_api/lib/lms_api/content_generation/review_workflow.ex...
DRYRUN: POST https://api.github.com/repos/73junito/autolearnpro/git/blobs (body length: 11148)
DRYRUN: Blob created for D:/Automotive and Diesel LMS/backend/lms_api/lib/lms_api/content_generation/review_workflow.ex: dryrun-1505dbf6-962b-4519-82ec-b5f601aad014
Reading D:/Automotive and Diesel LMS/backend/lms_api/lib/lms_api/enrollments.ex...
Creating blob for D:/Automotive and Diesel LMS/backend/lms_api/lib/lms_api/enrollments.ex...
DRYRUN: POST https://api.github.com/repos/73junito/autolearnpro/git/blobs (body length: 6563)
DRYRUN: Blob created for D:/Automotive and Diesel LMS/backend/lms_api/lib/lms_api/enrollments.ex: dryrun-474d88d3-7c7c-4a50-9fa0-12049e8f3f2a
Reading D:/Automotive and Diesel LMS/backend/lms_api/lib/lms_api/enrollments/enrollment.ex...
Creating blob for D:/Automotive and Diesel LMS/backend/lms_api/lib/lms_api/enrollments/enrollment.ex...
DRYRUN: POST https://api.github.com/repos/73junito/autolearnpro/git/blobs (body length: 1199)
DRYRUN: Blob created for D:/Automotive and Diesel LMS/backend/lms_api/lib/lms_api/enrollments/enrollment.ex: dryrun-59acf5d2-a8fa-43f0-891f-2f37207ae887
Reading D:/Automotive and Diesel LMS/backend/lms_api/lib/lms_api/gamification.ex...
Creating blob for D:/Automotive and Diesel LMS/backend/lms_api/lib/lms_api/gamification.ex...
DRYRUN: POST https://api.github.com/repos/73junito/autolearnpro/git/blobs (body length: 7057)
DRYRUN: Blob created for D:/Automotive and Diesel LMS/backend/lms_api/lib/lms_api/gamification.ex: dryrun-a4cee8e3-f052-4833-94ea-a7b35e23ec0a
Reading D:/Automotive and Diesel LMS/backend/lms_api/lib/lms_api/gamification/badge.ex...
Creating blob for D:/Automotive and Diesel LMS/backend/lms_api/lib/lms_api/gamification/badge.ex...
DRYRUN: POST https://api.github.com/repos/73junito/autolearnpro/git/blobs (body length: 853)
DRYRUN: Blob created for D:/Automotive and Diesel LMS/backend/lms_api/lib/lms_api/gamification/badge.ex: dryrun-74b31b73-9e1e-4c54-b5be-41d77537beb9
Reading D:/Automotive and Diesel LMS/backend/lms_api/lib/lms_api/gamification/user_badge.ex...
Creating blob for D:/Automotive and Diesel LMS/backend/lms_api/lib/lms_api/gamification/user_badge.ex...
DRYRUN: POST https://api.github.com/repos/73junito/autolearnpro/git/blobs (body length: 915)
DRYRUN: Blob created for D:/Automotive and Diesel LMS/backend/lms_api/lib/lms_api/gamification/user_badge.ex: dryrun-7871a162-e051-4491-935d-ec5615b7b858
Reading D:/Automotive and Diesel LMS/backend/lms_api/lib/lms_api/guardian.ex...
Creating blob for D:/Automotive and Diesel LMS/backend/lms_api/lib/lms_api/guardian.ex...
DRYRUN: POST https://api.github.com/repos/73junito/autolearnpro/git/blobs (body length: 605)
DRYRUN: Blob created for D:/Automotive and Diesel LMS/backend/lms_api/lib/lms_api/guardian.ex: dryrun-0b1ca301-3993-43a3-949b-d8048c1b3a9e
Reading D:/Automotive and Diesel LMS/backend/lms_api/lib/lms_api/instructor_dashboard.ex...
Creating blob for D:/Automotive and Diesel LMS/backend/lms_api/lib/lms_api/instructor_dashboard.ex...
DRYRUN: POST https://api.github.com/repos/73junito/autolearnpro/git/blobs (body length: 7400)
DRYRUN: Blob created for D:/Automotive and Diesel LMS/backend/lms_api/lib/lms_api/instructor_dashboard.ex: dryrun-ee48fec7-eb3e-4878-871a-4dd14a52633b
Reading D:/Automotive and Diesel LMS/backend/lms_api/lib/lms_api/lab_scene.ex...
Creating blob for D:/Automotive and Diesel LMS/backend/lms_api/lib/lms_api/lab_scene.ex...
DRYRUN: POST https://api.github.com/repos/73junito/autolearnpro/git/blobs (body length: 1399)
DRYRUN: Blob created for D:/Automotive and Diesel LMS/backend/lms_api/lib/lms_api/lab_scene.ex: dryrun-5c97a96a-faa8-4c43-b6e2-4e14ba1293d9
Reading D:/Automotive and Diesel LMS/backend/lms_api/lib/lms_api/live_sessions.ex...
Creating blob for D:/Automotive and Diesel LMS/backend/lms_api/lib/lms_api/live_sessions.ex...
DRYRUN: POST https://api.github.com/repos/73junito/autolearnpro/git/blobs (body length: 7842)
DRYRUN: Blob created for D:/Automotive and Diesel LMS/backend/lms_api/lib/lms_api/live_sessions.ex: dryrun-d2807c0c-3059-4ffa-af96-965e8cd50979
Reading D:/Automotive and Diesel LMS/backend/lms_api/lib/lms_api/live_sessions/live_session.ex...
Creating blob for D:/Automotive and Diesel LMS/backend/lms_api/lib/lms_api/live_sessions/live_session.ex...
DRYRUN: POST https://api.github.com/repos/73junito/autolearnpro/git/blobs (body length: 1722)
DRYRUN: Blob created for D:/Automotive and Diesel LMS/backend/lms_api/lib/lms_api/live_sessions/live_session.ex: dryrun-d4e3697b-8f67-46c2-92ca-2d62608866e5
Reading D:/Automotive and Diesel LMS/backend/lms_api/lib/lms_api/live_sessions/session_participant.ex...
Creating blob for D:/Automotive and Diesel LMS/backend/lms_api/lib/lms_api/live_sessions/session_participant.ex...
DRYRUN: POST https://api.github.com/repos/73junito/autolearnpro/git/blobs (body length: 1117)
DRYRUN: Blob created for D:/Automotive and Diesel LMS/backend/lms_api/lib/lms_api/live_sessions/session_participant.ex: dryrun-6af678ae-6f15-4481-8a0f-5ca9097fc10d
Reading D:/Automotive and Diesel LMS/backend/lms_api/lib/lms_api/live_sessions/session_recording.ex...
Creating blob for D:/Automotive and Diesel LMS/backend/lms_api/lib/lms_api/live_sessions/session_recording.ex...
DRYRUN: POST https://api.github.com/repos/73junito/autolearnpro/git/blobs (body length: 1005)
DRYRUN: Blob created for D:/Automotive and Diesel LMS/backend/lms_api/lib/lms_api/live_sessions/session_recording.ex: dryrun-63c24847-90eb-478c-af8f-b7f747faad9d
Reading D:/Automotive and Diesel LMS/backend/lms_api/lib/lms_api/media.ex...
Creating blob for D:/Automotive and Diesel LMS/backend/lms_api/lib/lms_api/media.ex...
DRYRUN: POST https://api.github.com/repos/73junito/autolearnpro/git/blobs (body length: 5650)
DRYRUN: Blob created for D:/Automotive and Diesel LMS/backend/lms_api/lib/lms_api/media.ex: dryrun-1e6ce680-e930-4ebd-81fe-1258b38f7519
Reading D:/Automotive and Diesel LMS/backend/lms_api/lib/lms_api/media/file_upload.ex...
Creating blob for D:/Automotive and Diesel LMS/backend/lms_api/lib/lms_api/media/file_upload.ex...
DRYRUN: POST https://api.github.com/repos/73junito/autolearnpro/git/blobs (body length: 999)
DRYRUN: Blob created for D:/Automotive and Diesel LMS/backend/lms_api/lib/lms_api/media/file_upload.ex: dryrun-ca566dc3-81c9-402a-8928-9fdd3d7535d0
Reading D:/Automotive and Diesel LMS/backend/lms_api/lib/lms_api/monitoring.ex...
Creating blob for D:/Automotive and Diesel LMS/backend/lms_api/lib/lms_api/monitoring.ex...
DRYRUN: POST https://api.github.com/repos/73junito/autolearnpro/git/blobs (body length: 12153)
DRYRUN: Blob created for D:/Automotive and Diesel LMS/backend/lms_api/lib/lms_api/monitoring.ex: dryrun-b308e10f-c074-48cc-bb2f-a4d4a5c912d8
Reading D:/Automotive and Diesel LMS/backend/lms_api/lib/lms_api/notifications.ex...
Creating blob for D:/Automotive and Diesel LMS/backend/lms_api/lib/lms_api/notifications.ex...
DRYRUN: POST https://api.github.com/repos/73junito/autolearnpro/git/blobs (body length: 634)
DRYRUN: Blob created for D:/Automotive and Diesel LMS/backend/lms_api/lib/lms_api/notifications.ex: dryrun-7ccd7226-cdcd-426f-b2a1-a0e5d40e07b7
Reading D:/Automotive and Diesel LMS/backend/lms_api/lib/lms_api/organizations.ex...
Creating blob for D:/Automotive and Diesel LMS/backend/lms_api/lib/lms_api/organizations.ex...
DRYRUN: POST https://api.github.com/repos/73junito/autolearnpro/git/blobs (body length: 6225)
DRYRUN: Blob created for D:/Automotive and Diesel LMS/backend/lms_api/lib/lms_api/organizations.ex: dryrun-c0843306-cbb2-4d2a-a629-45f1c926473c
Reading D:/Automotive and Diesel LMS/backend/lms_api/lib/lms_api/organizations/organization_member.ex...
Creating blob for D:/Automotive and Diesel LMS/backend/lms_api/lib/lms_api/organizations/organization_member.ex...
DRYRUN: POST https://api.github.com/repos/73junito/autolearnpro/git/blobs (body length: 1210)
DRYRUN: Blob created for D:/Automotive and Diesel LMS/backend/lms_api/lib/lms_api/organizations/organization_member.ex: dryrun-b9c1315c-eb65-47ce-931d-3f4e3e860a76
Reading D:/Automotive and Diesel LMS/backend/lms_api/lib/lms_api/organizations/organization.ex...
Creating blob for D:/Automotive and Diesel LMS/backend/lms_api/lib/lms_api/organizations/organization.ex...
DRYRUN: POST https://api.github.com/repos/73junito/autolearnpro/git/blobs (body length: 861)
DRYRUN: Blob created for D:/Automotive and Diesel LMS/backend/lms_api/lib/lms_api/organizations/organization.ex: dryrun-db3b8d2b-9a03-437b-8b87-fbbf0d0319c4
Reading D:/Automotive and Diesel LMS/backend/lms_api/lib/lms_api/performance.ex...
Creating blob for D:/Automotive and Diesel LMS/backend/lms_api/lib/lms_api/performance.ex...
DRYRUN: POST https://api.github.com/repos/73junito/autolearnpro/git/blobs (body length: 9631)
DRYRUN: Blob created for D:/Automotive and Diesel LMS/backend/lms_api/lib/lms_api/performance.ex: dryrun-15da4848-d7c8-4955-9bae-22b33ed19f45
Reading D:/Automotive and Diesel LMS/backend/lms_api/lib/lms_api/permissions.ex...
Creating blob for D:/Automotive and Diesel LMS/backend/lms_api/lib/lms_api/permissions.ex...
DRYRUN: POST https://api.github.com/repos/73junito/autolearnpro/git/blobs (body length: 9796)
DRYRUN: Blob created for D:/Automotive and Diesel LMS/backend/lms_api/lib/lms_api/permissions.ex: dryrun-94d68a07-fbdc-4a37-901e-2084f5b485aa
Reading D:/Automotive and Diesel LMS/backend/lms_api/lib/lms_api/permissions/permission.ex...
Creating blob for D:/Automotive and Diesel LMS/backend/lms_api/lib/lms_api/permissions/permission.ex...
DRYRUN: POST https://api.github.com/repos/73junito/autolearnpro/git/blobs (body length: 684)
DRYRUN: Blob created for D:/Automotive and Diesel LMS/backend/lms_api/lib/lms_api/permissions/permission.ex: dryrun-6f2d7373-2172-4f48-b482-3605ecb8d3f7
Reading D:/Automotive and Diesel LMS/backend/lms_api/lib/lms_api/permissions/role_permission.ex...
Creating blob for D:/Automotive and Diesel LMS/backend/lms_api/lib/lms_api/permissions/role_permission.ex...
DRYRUN: POST https://api.github.com/repos/73junito/autolearnpro/git/blobs (body length: 717)
DRYRUN: Blob created for D:/Automotive and Diesel LMS/backend/lms_api/lib/lms_api/permissions/role_permission.ex: dryrun-c8fb5560-68ef-4aea-b97d-b509e6518702
Reading D:/Automotive and Diesel LMS/backend/lms_api/lib/lms_api/permissions/role.ex...
Creating blob for D:/Automotive and Diesel LMS/backend/lms_api/lib/lms_api/permissions/role.ex...
DRYRUN: POST https://api.github.com/repos/73junito/autolearnpro/git/blobs (body length: 706)
DRYRUN: Blob created for D:/Automotive and Diesel LMS/backend/lms_api/lib/lms_api/permissions/role.ex: dryrun-0c228b13-997b-478f-888e-d2e3ceb67915
Reading D:/Automotive and Diesel LMS/backend/lms_api/lib/lms_api/permissions/user_role.ex...
Creating blob for D:/Automotive and Diesel LMS/backend/lms_api/lib/lms_api/permissions/user_role.ex...
DRYRUN: POST https://api.github.com/repos/73junito/autolearnpro/git/blobs (body length: 962)
DRYRUN: Blob created for D:/Automotive and Diesel LMS/backend/lms_api/lib/lms_api/permissions/user_role.ex: dryrun-b71b724b-a1ca-4409-9df7-a0592fb29106
Reading D:/Automotive and Diesel LMS/backend/lms_api/lib/lms_api/progress.ex...
Creating blob for D:/Automotive and Diesel LMS/backend/lms_api/lib/lms_api/progress.ex...
DRYRUN: POST https://api.github.com/repos/73junito/autolearnpro/git/blobs (body length: 8759)
DRYRUN: Blob created for D:/Automotive and Diesel LMS/backend/lms_api/lib/lms_api/progress.ex: dryrun-d0f55e57-9e32-4be1-8c56-ffb614993320
Reading D:/Automotive and Diesel LMS/backend/lms_api/lib/lms_api/progress/lesson_progress.ex...
Creating blob for D:/Automotive and Diesel LMS/backend/lms_api/lib/lms_api/progress/lesson_progress.ex...
DRYRUN: POST https://api.github.com/repos/73junito/autolearnpro/git/blobs (body length: 2101)
DRYRUN: Blob created for D:/Automotive and Diesel LMS/backend/lms_api/lib/lms_api/progress/lesson_progress.ex: dryrun-80e67580-d2cc-4cba-ad7d-bfbc4e47dfff
Reading D:/Automotive and Diesel LMS/backend/lms_api/lib/lms_api/release.ex...
Creating blob for D:/Automotive and Diesel LMS/backend/lms_api/lib/lms_api/release.ex...
DRYRUN: POST https://api.github.com/repos/73junito/autolearnpro/git/blobs (body length: 1417)
DRYRUN: Blob created for D:/Automotive and Diesel LMS/backend/lms_api/lib/lms_api/release.ex: dryrun-9ebdfa98-c707-4d67-8805-8ef81858867a
Reading D:/Automotive and Diesel LMS/backend/lms_api/lib/lms_api/repo.ex...
Creating blob for D:/Automotive and Diesel LMS/backend/lms_api/lib/lms_api/repo.ex...
DRYRUN: POST https://api.github.com/repos/73junito/autolearnpro/git/blobs (body length: 165)
DRYRUN: Blob created for D:/Automotive and Diesel LMS/backend/lms_api/lib/lms_api/repo.ex: dryrun-aec650e6-c68b-4221-b40a-e3df4fbe7595
Reading D:/Automotive and Diesel LMS/backend/lms_api/lib/lms_api/scaling.ex...
Creating blob for D:/Automotive and Diesel LMS/backend/lms_api/lib/lms_api/scaling.ex...
DRYRUN: POST https://api.github.com/repos/73junito/autolearnpro/git/blobs (body length: 9568)
DRYRUN: Blob created for D:/Automotive and Diesel LMS/backend/lms_api/lib/lms_api/scaling.ex: dryrun-4d667c8e-1de5-44a8-bec4-3622d3acfdf9
Reading D:/Automotive and Diesel LMS/backend/lms_api/lib/lms_api/security.ex...
Creating blob for D:/Automotive and Diesel LMS/backend/lms_api/lib/lms_api/security.ex...
DRYRUN: POST https://api.github.com/repos/73junito/autolearnpro/git/blobs (body length: 8775)
DRYRUN: Blob created for D:/Automotive and Diesel LMS/backend/lms_api/lib/lms_api/security.ex: dryrun-a92e2727-2f57-4393-bb2c-6915c59d99ae
Reading D:/Automotive and Diesel LMS/backend/lms_api/lib/lms_api/security/audit_log.ex...
Creating blob for D:/Automotive and Diesel LMS/backend/lms_api/lib/lms_api/security/audit_log.ex...
DRYRUN: POST https://api.github.com/repos/73junito/autolearnpro/git/blobs (body length: 707)
DRYRUN: Blob created for D:/Automotive and Diesel LMS/backend/lms_api/lib/lms_api/security/audit_log.ex: dryrun-6399df20-d924-4d4e-bbc8-b3d26471e636
Reading D:/Automotive and Diesel LMS/backend/lms_api/lib/lms_api/security/login_attempt.ex...
Creating blob for D:/Automotive and Diesel LMS/backend/lms_api/lib/lms_api/security/login_attempt.ex...
DRYRUN: POST https://api.github.com/repos/73junito/autolearnpro/git/blobs (body length: 856)
DRYRUN: Blob created for D:/Automotive and Diesel LMS/backend/lms_api/lib/lms_api/security/login_attempt.ex: dryrun-9e95a908-3c88-4d99-8818-a2070136cbb7
Reading D:/Automotive and Diesel LMS/backend/lms_api/lib/lms_api/security/security_setting.ex...
Creating blob for D:/Automotive and Diesel LMS/backend/lms_api/lib/lms_api/security/security_setting.ex...
DRYRUN: POST https://api.github.com/repos/73junito/autolearnpro/git/blobs (body length: 2123)
DRYRUN: Blob created for D:/Automotive and Diesel LMS/backend/lms_api/lib/lms_api/security/security_setting.ex: dryrun-86c3c4a1-9823-46ce-8953-d33fbfb301f6
Fetching target branch ref k8s/env-from-health...
DRYRUN: GET https://api.github.com/repos/73junito/autolearnpro/git/ref/heads/k8s/env-from-health
Target branch sha: dryrun-base-sha (dryrun)
Fetching base commit and tree...
DRYRUN: GET https://api.github.com/repos/73junito/autolearnpro/git/commits/dryrun-base-sha
Base tree: dryrun-tree-sha (dryrun)
Creating new tree with updated files...
DRYRUN: POST https://api.github.com/repos/73junito/autolearnpro/git/trees (tree entries: 109)
DRYRUN: Created tree: dryrun-tree-30ca8949-f3b3-4a49-a244-00ec177dfa6f
Creating commit on branch k8s/env-from-health...
DRYRUN: POST https://api.github.com/repos/73junito/autolearnpro/git/commits (message length: 205)
DRYRUN: Created commit: dryrun-commit-92b17670-c7ce-4caa-b994-37442f6e9319
Updating branch ref to new commit...
DRYRUN: PATCH https://api.github.com/repos/73junito/autolearnpro/git/refs/heads/k8s/env-from-health (sha: dryrun-commit-92b17670-c7ce-4caa-b994-37442f6e9319)
DRYRUN: Branch k8s/env-from-health would be updated to commit dryrun-commit-92b17670-c7ce-4caa-b994-37442f6e9319
Done - lib files added to k8s/env-from-health. Re-dispatch workflow to verify.
Exit: Success
Command: pwsh -NoProfile -ExecutionPolicy Bypass -File "D:\Automotive and Diesel LMS\scripts\commit-file-to-branch.ps1" -DryRun 
Reading D:/Automotive and Diesel LMS/backend/lms_api/Dockerfile...
Creating blob for D:/Automotive and Diesel LMS/backend/lms_api/Dockerfile...
DRYRUN: POST https://api.github.com/repos/73junito/autolearnpro/git/blobs (body length: 2721)
DRYRUN: Blob created: dryrun-7aa04681-9074-4506-9c9c-cc1166115066
Fetching target branch ref k8s/env-from-health...
DRYRUN: GET https://api.github.com/repos/73junito/autolearnpro/git/ref/heads/k8s/env-from-health
Target branch sha: dryrun-base-sha (dryrun)
Fetching base commit and tree...
DRYRUN: GET https://api.github.com/repos/73junito/autolearnpro/git/commits/dryrun-base-sha
Base tree: dryrun-tree-sha (dryrun)
Creating new tree with updated file...
DRYRUN: POST https://api.github.com/repos/73junito/autolearnpro/git/trees (tree entries: 1)
DRYRUN: Created tree: dryrun-tree-88d02223-a493-4eaa-b3b3-ef7cb8e026ab
Creating commit on branch k8s/env-from-health...
DRYRUN: POST https://api.github.com/repos/73junito/autolearnpro/git/commits (message length: 184)
DRYRUN: Created commit: dryrun-commit-1bf30785-8dba-49ec-94f4-51819f46fb08
Updating branch ref to new commit...
DRYRUN: PATCH https://api.github.com/repos/73junito/autolearnpro/git/refs/heads/k8s/env-from-health (sha: dryrun-commit-1bf30785-8dba-49ec-94f4-51819f46fb08)
DRYRUN: Branch k8s/env-from-health would be updated to commit dryrun-commit-1bf30785-8dba-49ec-94f4-51819f46fb08
Exit: Success
Command: pwsh -NoProfile -ExecutionPolicy Bypass -File "D:\Automotive and Diesel LMS\scripts\dispatch-pr.ps1" -DryRun 
Dispatching workflow publish-image.yml on branch add/dockerfile-20251215135348...
DRYRUN: POST https://api.github.com/repos/73junito/autolearnpro/actions/workflows/publish-image.yml/dispatches (body length: 46)
DRYRUN: Dispatch requested.
Exit: Success
Command: pwsh -NoProfile -ExecutionPolicy Bypass -File "D:\Automotive and Diesel LMS\scripts\monitor-pr-workflow.ps1" -DryRun 
Fetching PR #14 info...
DRYRUN: GET https://api.github.com/repos/73junito/autolearnpro/pulls/14
PR branch: add/dockerfile-20251215135348 (dryrun)
Waiting for a workflow run for workflow 'publish-image.yml' on branch 'add/dockerfile-20251215135348'...
DRYRUN: would poll https://api.github.com/repos/73junito/autolearnpro/actions/workflows/publish-image.yml/runs for branch add/dockerfile-20251215135348
Found run id dryrun-20248392833: https://github.com/73junito/autolearnpro/actions/runs/dryrun-20248392833
DRYRUN: Would poll run status at https://api.github.com/repos/73junito/autolearnpro/actions/runs/dryrun-20248392833
Run status: completed - conclusion: failure (dryrun)
Workflow finished with conclusion: failure; (dryrun) would download logs from https://api.github.com/repos/73junito/autolearnpro/actions/runs/dryrun-20248392833/logs
DRYRUN: logs would be saved to actions-dryrun-20248392833-logs.zip and extracted to actions-dryrun-20248392833-logs
Exit: Success
